Using pre-set license
Built from '2020.3/staging' branch; Version is '2020.3.9f1 (108be757e447) revision 1084391'; Using compiler version '192528614'; Build Type 'Release'
OS: 'Windows 10 Home; OS build 19044.1706; Version 2009; 64bit' Language: 'ko' Physical Memory: 32159 MB
BatchMode: 1, IsHumanControllingUs: 0, StartBugReporterOnCrash: 0, Is64bit: 1, IsPro: 0

 COMMAND LINE ARGUMENTS:
C:\Program Files\Unity\Hub\Editor\2020.3.9f1\Editor\Unity.exe
-adb2
-batchMode
-noUpm
-name
AssetImportWorker0
-projectPath
C:/Unity/AssaultFight/AssaultFight
-logFile
Logs/AssetImportWorker0.log
-srvPort
59834
Successfully changed project path to: C:/Unity/AssaultFight/AssaultFight
C:/Unity/AssaultFight/AssaultFight
Using Asset Import Pipeline V2.
Refreshing native plugins compatible for Editor in 96.14 ms, found 0 plugins.
Preloading 0 native plugins for Editor in 0.00 ms.
Initialize engine version: 2020.3.9f1 (108be757e447)
[Subsystems] Discovering subsystems at path C:/Program Files/Unity/Hub/Editor/2020.3.9f1/Editor/Data/Resources/UnitySubsystems
[Subsystems] Discovering subsystems at path C:/Unity/AssaultFight/AssaultFight/Assets
GfxDevice: creating device client; threaded=0
Direct3D:
    Version:  Direct3D 11.0 [level 11.1]
    Renderer: NVIDIA GeForce RTX 3050 Ti Laptop GPU (ID=0x25a0)
    Vendor:   
    VRAM:     3990 MB
    Driver:   30.0.15.1169
Initialize mono
Mono path[0] = 'C:/Program Files/Unity/Hub/Editor/2020.3.9f1/Editor/Data/Managed'
Mono path[1] = 'C:/Program Files/Unity/Hub/Editor/2020.3.9f1/Editor/Data/MonoBleedingEdge/lib/mono/unityjit'
Mono config path = 'C:/Program Files/Unity/Hub/Editor/2020.3.9f1/Editor/Data/MonoBleedingEdge/etc'
Using monoOptions --debugger-agent=transport=dt_socket,embedding=1,server=y,suspend=n,address=127.0.0.1:56808
Begin MonoManager ReloadAssembly
Registering precompiled unity dll's ...
Register platform support module: C:/Program Files/Unity/Hub/Editor/2020.3.9f1/Editor/Data/PlaybackEngines/WebGLSupport/UnityEditor.WebGL.Extensions.dll
Register platform support module: C:/Program Files/Unity/Hub/Editor/2020.3.9f1/Editor/Data/PlaybackEngines/WindowsStandaloneSupport/UnityEditor.WindowsStandalone.Extensions.dll
Registered in 0.005625 seconds.
Native extension for WindowsStandalone target not found
Native extension for WebGL target not found
Refreshing native plugins compatible for Editor in 77.46 ms, found 0 plugins.
Preloading 0 native plugins for Editor in 0.00 ms.
Mono: successfully reloaded assembly
- Completed reload, in  3.933 seconds
Platform modules already initialized, skipping
Registering precompiled user dll's ...
Registered in 0.004987 seconds.
Begin MonoManager ReloadAssembly
Native extension for WindowsStandalone target not found
Native extension for WebGL target not found
Refreshing native plugins compatible for Editor in 0.82 ms, found 0 plugins.
Preloading 0 native plugins for Editor in 0.00 ms.
Mono: successfully reloaded assembly
- Completed reload, in  1.525 seconds
Platform modules already initialized, skipping
========================================================================
Worker process is ready to serve import requests
Launched and connected shader compiler UnityShaderCompiler.exe after 0.08 seconds
Refreshing native plugins compatible for Editor in 1.20 ms, found 0 plugins.
Preloading 0 native plugins for Editor in 0.00 ms.
Unloading 3121 Unused Serialized files (Serialized files now loaded: 0)
System memory in use before: 113.8 MB.
System memory in use after: 114.0 MB.

Unloading 17 unused Assets to reduce memory usage. Loaded Objects now: 3556.
Total: 3.170400 ms (FindLiveObjects: 0.584100 ms CreateObjectMapping: 0.227800 ms MarkObjects: 2.243000 ms  DeleteObjects: 0.113600 ms)

========================================================================
Received Import Request.
  path: Assets/Scenes/02_LoginScene.unity
  artifactKey: Guid(e79c6da00653b3e4f9c275e127ea90e4) Importer(815301076,1909f56bfc062723c751e8b465ee728b)
Start importing Assets/Scenes/02_LoginScene.unity using Guid(e79c6da00653b3e4f9c275e127ea90e4) Importer(815301076,1909f56bfc062723c751e8b465ee728b)  -> (artifact id: '82df69873ed85c7d0d446fc33abb516b') in 0.027813 seconds
  Import took 0.034857 seconds .

========================================================================
Received Import Request.
  Time since last request: 0.000347 seconds.
  path: Assets/Scenes/Login.unity
  artifactKey: Guid(15c45b256f0c69a4b88fbf19690b4eb9) Importer(815301076,1909f56bfc062723c751e8b465ee728b)
Start importing Assets/Scenes/Login.unity using Guid(15c45b256f0c69a4b88fbf19690b4eb9) Importer(815301076,1909f56bfc062723c751e8b465ee728b)  -> (artifact id: '031b24764e2e567608402a0a9a310611') in 0.014179 seconds
  Import took 0.020978 seconds .

========================================================================
Received Import Request.
  Time since last request: 0.000376 seconds.
  path: Assets/JsonDotNet
  artifactKey: Guid(8cef30b29c774bb4d8481c3fdb3df3b2) Importer(815301076,1909f56bfc062723c751e8b465ee728b)
Start importing Assets/JsonDotNet using Guid(8cef30b29c774bb4d8481c3fdb3df3b2) Importer(815301076,1909f56bfc062723c751e8b465ee728b)  -> (artifact id: '17e4eeeea99475adb6b0e5715534b594') in 0.010359 seconds
  Import took 0.018521 seconds .

========================================================================
Received Import Request.
  Time since last request: 57.800270 seconds.
  path: Assets/Scenes/04_GameScene.unity
  artifactKey: Guid(2c805d4c49f997d40b0381916100afb3) Importer(815301076,1909f56bfc062723c751e8b465ee728b)
Start importing Assets/Scenes/04_GameScene.unity using Guid(2c805d4c49f997d40b0381916100afb3) Importer(815301076,1909f56bfc062723c751e8b465ee728b)  -> (artifact id: '61a17a7b5c3ae28128f0a78d9c3991f7') in 0.015201 seconds
  Import took 0.026498 seconds .

========================================================================
Received Import Request.
  Time since last request: 2.925598 seconds.
  path: Assets/Scenes/02_LoginScene.unity
  artifactKey: Guid(e79c6da00653b3e4f9c275e127ea90e4) Importer(815301076,1909f56bfc062723c751e8b465ee728b)
Start importing Assets/Scenes/02_LoginScene.unity using Guid(e79c6da00653b3e4f9c275e127ea90e4) Importer(815301076,1909f56bfc062723c751e8b465ee728b)  -> (artifact id: 'bc8d86606b1639df891c299ba27ad7c6') in 0.008077 seconds
  Import took 0.019880 seconds .

========================================================================
Received Prepare
Registering precompiled user dll's ...
Registered in 0.005818 seconds.
Begin MonoManager ReloadAssembly
Native extension for WindowsStandalone target not found
Native extension for WebGL target not found
Refreshing native plugins compatible for Editor in 0.78 ms, found 0 plugins.
Preloading 0 native plugins for Editor in 0.00 ms.
Mono: successfully reloaded assembly
- Completed reload, in  1.436 seconds
Platform modules already initialized, skipping
Switching build target platform(19) subTarget(0) extendedPlatform(0) -> platform(13) subTarget(537395200) extendedPlatform(0)
Refreshing native plugins compatible for Editor in 0.70 ms, found 0 plugins.
Preloading 0 native plugins for Editor in 0.00 ms.
Unloading 3119 Unused Serialized files (Serialized files now loaded: 0)
System memory in use before: 113.8 MB.
System memory in use after: 114.0 MB.

Unloading 12 unused Assets to reduce memory usage. Loaded Objects now: 3559.
Total: 3.176900 ms (FindLiveObjects: 0.465800 ms CreateObjectMapping: 0.173000 ms MarkObjects: 2.462700 ms  DeleteObjects: 0.073800 ms)

AssetImportParameters requested are different than current active one (requested -> active):
  custom:graphics/normal-map-encoding: 01000000000000000000000000000000 -> 02000000000000000000000000000000
========================================================================
Received Prepare
Registering precompiled user dll's ...
Registered in 0.005516 seconds.
Begin MonoManager ReloadAssembly
Native extension for WindowsStandalone target not found
Native extension for WebGL target not found
Refreshing native plugins compatible for Editor in 0.74 ms, found 0 plugins.
Preloading 0 native plugins for Editor in 0.00 ms.
Mono: successfully reloaded assembly
- Completed reload, in  1.427 seconds
Platform modules already initialized, skipping
Switching build target platform(19) subTarget(0) extendedPlatform(0) -> platform(13) subTarget(537395200) extendedPlatform(0)
Refreshing native plugins compatible for Editor in 1.04 ms, found 0 plugins.
Preloading 0 native plugins for Editor in 0.00 ms.
Unloading 3119 Unused Serialized files (Serialized files now loaded: 0)
System memory in use before: 113.9 MB.
System memory in use after: 114.1 MB.

Unloading 12 unused Assets to reduce memory usage. Loaded Objects now: 3562.
Total: 2.993600 ms (FindLiveObjects: 0.405600 ms CreateObjectMapping: 0.220000 ms MarkObjects: 2.282200 ms  DeleteObjects: 0.083900 ms)

AssetImportParameters requested are different than current active one (requested -> active):
  custom:graphics/normal-map-encoding: 01000000000000000000000000000000 -> 02000000000000000000000000000000
========================================================================
Received Prepare
Registering precompiled user dll's ...
Registered in 0.005143 seconds.
Begin MonoManager ReloadAssembly
Native extension for WindowsStandalone target not found
Native extension for WebGL target not found
Refreshing native plugins compatible for Editor in 0.74 ms, found 0 plugins.
Preloading 0 native plugins for Editor in 0.00 ms.
Mono: successfully reloaded assembly
- Completed reload, in  1.494 seconds
Platform modules already initialized, skipping
Switching build target platform(19) subTarget(0) extendedPlatform(0) -> platform(13) subTarget(537395200) extendedPlatform(0)
Refreshing native plugins compatible for Editor in 0.75 ms, found 0 plugins.
Preloading 0 native plugins for Editor in 0.00 ms.
Unloading 3119 Unused Serialized files (Serialized files now loaded: 0)
System memory in use before: 113.9 MB.
System memory in use after: 114.1 MB.

Unloading 12 unused Assets to reduce memory usage. Loaded Objects now: 3565.
Total: 2.901900 ms (FindLiveObjects: 0.393400 ms CreateObjectMapping: 0.172600 ms MarkObjects: 2.252500 ms  DeleteObjects: 0.081200 ms)

AssetImportParameters requested are different than current active one (requested -> active):
  custom:graphics/normal-map-encoding: 01000000000000000000000000000000 -> 02000000000000000000000000000000
========================================================================
Received Prepare
Registering precompiled user dll's ...
Registered in 0.007063 seconds.
Begin MonoManager ReloadAssembly
Native extension for WindowsStandalone target not found
Native extension for WebGL target not found
Refreshing native plugins compatible for Editor in 0.89 ms, found 0 plugins.
Preloading 0 native plugins for Editor in 0.00 ms.
Mono: successfully reloaded assembly
- Completed reload, in  1.913 seconds
Platform modules already initialized, skipping
Switching build target platform(19) subTarget(0) extendedPlatform(0) -> platform(13) subTarget(537395200) extendedPlatform(0)
Refreshing native plugins compatible for Editor in 0.75 ms, found 0 plugins.
Preloading 0 native plugins for Editor in 0.00 ms.
Unloading 3119 Unused Serialized files (Serialized files now loaded: 0)
System memory in use before: 113.9 MB.
System memory in use after: 114.1 MB.

Unloading 12 unused Assets to reduce memory usage. Loaded Objects now: 3568.
Total: 4.283900 ms (FindLiveObjects: 0.443700 ms CreateObjectMapping: 0.152300 ms MarkObjects: 3.605000 ms  DeleteObjects: 0.080500 ms)

AssetImportParameters requested are different than current active one (requested -> active):
  custom:graphics/normal-map-encoding: 01000000000000000000000000000000 -> 02000000000000000000000000000000
========================================================================
Received Import Request.
  Time since last request: 594.507079 seconds.
  path: Assets/Scenes/03_MainScene.unity
  artifactKey: Guid(83298fffdaa905748981b76b8088f22b) Importer(815301076,1909f56bfc062723c751e8b465ee728b)
Start importing Assets/Scenes/03_MainScene.unity using Guid(83298fffdaa905748981b76b8088f22b) Importer(815301076,1909f56bfc062723c751e8b465ee728b)  -> (artifact id: '93fad1f10403c21c9b57aef85ce9034d') in 0.043702 seconds
  Import took 0.053930 seconds .

========================================================================
Received Prepare
Registering precompiled user dll's ...
Registered in 0.004703 seconds.
Begin MonoManager ReloadAssembly
Native extension for WindowsStandalone target not found
Native extension for WebGL target not found
Refreshing native plugins compatible for Editor in 0.81 ms, found 0 plugins.
Preloading 0 native plugins for Editor in 0.00 ms.
Mono: successfully reloaded assembly
- Completed reload, in  1.503 seconds
Platform modules already initialized, skipping
Switching build target platform(19) subTarget(0) extendedPlatform(0) -> platform(13) subTarget(537395200) extendedPlatform(0)
Refreshing native plugins compatible for Editor in 0.74 ms, found 0 plugins.
Preloading 0 native plugins for Editor in 0.00 ms.
Unloading 3119 Unused Serialized files (Serialized files now loaded: 0)
System memory in use before: 114.0 MB.
System memory in use after: 114.2 MB.

Unloading 12 unused Assets to reduce memory usage. Loaded Objects now: 3571.
Total: 3.184500 ms (FindLiveObjects: 0.453800 ms CreateObjectMapping: 0.171100 ms MarkObjects: 2.404700 ms  DeleteObjects: 0.153000 ms)

AssetImportParameters requested are different than current active one (requested -> active):
  custom:graphics/normal-map-encoding: 01000000000000000000000000000000 -> 02000000000000000000000000000000
========================================================================
Received Prepare
Registering precompiled user dll's ...
Registered in 0.005211 seconds.
Begin MonoManager ReloadAssembly
Native extension for WindowsStandalone target not found
Native extension for WebGL target not found
Refreshing native plugins compatible for Editor in 0.75 ms, found 0 plugins.
Preloading 0 native plugins for Editor in 0.00 ms.
Mono: successfully reloaded assembly
- Completed reload, in  1.469 seconds
Platform modules already initialized, skipping
Switching build target platform(19) subTarget(0) extendedPlatform(0) -> platform(13) subTarget(537395200) extendedPlatform(0)
Refreshing native plugins compatible for Editor in 0.83 ms, found 0 plugins.
Preloading 0 native plugins for Editor in 0.00 ms.
Unloading 3119 Unused Serialized files (Serialized files now loaded: 0)
System memory in use before: 114.0 MB.
System memory in use after: 114.2 MB.

Unloading 12 unused Assets to reduce memory usage. Loaded Objects now: 3574.
Total: 3.239200 ms (FindLiveObjects: 0.444400 ms CreateObjectMapping: 0.200300 ms MarkObjects: 2.490200 ms  DeleteObjects: 0.102700 ms)

AssetImportParameters requested are different than current active one (requested -> active):
  custom:graphics/normal-map-encoding: 01000000000000000000000000000000 -> 02000000000000000000000000000000
========================================================================
Received Prepare
Registering precompiled user dll's ...
Registered in 0.006101 seconds.
Begin MonoManager ReloadAssembly
Native extension for WindowsStandalone target not found
Native extension for WebGL target not found
Refreshing native plugins compatible for Editor in 1.45 ms, found 0 plugins.
Preloading 0 native plugins for Editor in 0.00 ms.
Mono: successfully reloaded assembly
- Completed reload, in  1.742 seconds
Platform modules already initialized, skipping
Switching build target platform(19) subTarget(0) extendedPlatform(0) -> platform(13) subTarget(537395200) extendedPlatform(0)
Refreshing native plugins compatible for Editor in 0.91 ms, found 0 plugins.
Preloading 0 native plugins for Editor in 0.00 ms.
Unloading 3119 Unused Serialized files (Serialized files now loaded: 0)
System memory in use before: 114.0 MB.
System memory in use after: 114.2 MB.

Unloading 12 unused Assets to reduce memory usage. Loaded Objects now: 3577.
Total: 3.705000 ms (FindLiveObjects: 0.430700 ms CreateObjectMapping: 0.190200 ms MarkObjects: 3.003700 ms  DeleteObjects: 0.078700 ms)

AssetImportParameters requested are different than current active one (requested -> active):
  custom:graphics/normal-map-encoding: 01000000000000000000000000000000 -> 02000000000000000000000000000000
========================================================================
Received Prepare
Registering precompiled user dll's ...
Registered in 0.005143 seconds.
Begin MonoManager ReloadAssembly
Native extension for WindowsStandalone target not found
Native extension for WebGL target not found
Refreshing native plugins compatible for Editor in 0.76 ms, found 0 plugins.
Preloading 0 native plugins for Editor in 0.00 ms.
Mono: successfully reloaded assembly
- Completed reload, in  1.526 seconds
Platform modules already initialized, skipping
Switching build target platform(19) subTarget(0) extendedPlatform(0) -> platform(13) subTarget(537395200) extendedPlatform(0)
Refreshing native plugins compatible for Editor in 0.73 ms, found 0 plugins.
Preloading 0 native plugins for Editor in 0.00 ms.
Unloading 3119 Unused Serialized files (Serialized files now loaded: 0)
System memory in use before: 114.0 MB.
System memory in use after: 114.2 MB.

Unloading 12 unused Assets to reduce memory usage. Loaded Objects now: 3580.
Total: 2.945000 ms (FindLiveObjects: 0.387300 ms CreateObjectMapping: 0.151400 ms MarkObjects: 2.327500 ms  DeleteObjects: 0.077400 ms)

AssetImportParameters requested are different than current active one (requested -> active):
  custom:graphics/normal-map-encoding: 01000000000000000000000000000000 -> 02000000000000000000000000000000
========================================================================
Received Import Request.
  Time since last request: 304.571327 seconds.
  path: Assets/Scenes/InGame.unity
  artifactKey: Guid(8634c9980e8d4454db3b4f871b0bcbc0) Importer(815301076,1909f56bfc062723c751e8b465ee728b)
Start importing Assets/Scenes/InGame.unity using Guid(8634c9980e8d4454db3b4f871b0bcbc0) Importer(815301076,1909f56bfc062723c751e8b465ee728b)  -> (artifact id: '11e005910dc5490a8fd10dc3f928d51b') in 0.033168 seconds
  Import took 0.044092 seconds .

========================================================================
Received Import Request.
  Time since last request: 48.052014 seconds.
  path: Assets/Scenes/InGameSettings.lighting
  artifactKey: Guid(dfd73f6ee06302541805b7765f35dc01) Importer(815301076,1909f56bfc062723c751e8b465ee728b)
Start importing Assets/Scenes/InGameSettings.lighting using Guid(dfd73f6ee06302541805b7765f35dc01) Importer(815301076,1909f56bfc062723c751e8b465ee728b)  -> (artifact id: 'd8b26273f7a6b8cad6668d54e1494ac7') in 0.045014 seconds
  Import took 0.054643 seconds .

========================================================================
Received Import Request.
  Time since last request: 0.551593 seconds.
  path: Assets/Scenes/InGame.unity
  artifactKey: Guid(8634c9980e8d4454db3b4f871b0bcbc0) Importer(815301076,1909f56bfc062723c751e8b465ee728b)
Start importing Assets/Scenes/InGame.unity using Guid(8634c9980e8d4454db3b4f871b0bcbc0) Importer(815301076,1909f56bfc062723c751e8b465ee728b)  -> (artifact id: 'faffe0af5f728a212c505cd7b5127613') in 0.008802 seconds
  Import took 0.021015 seconds .

========================================================================
Received Import Request.
  Time since last request: 10.991622 seconds.
  path: Assets/Scenes/03_MainScene.unity
  artifactKey: Guid(83298fffdaa905748981b76b8088f22b) Importer(815301076,1909f56bfc062723c751e8b465ee728b)
Start importing Assets/Scenes/03_MainScene.unity using Guid(83298fffdaa905748981b76b8088f22b) Importer(815301076,1909f56bfc062723c751e8b465ee728b)  -> (artifact id: '7ffbb85af0f7d1bbae3b51f8c7509f42') in 0.008375 seconds
  Import took 0.019413 seconds .

========================================================================
Received Import Request.
  Time since last request: 296.703949 seconds.
  path: Assets/Scenes/02_LoginScene.unity
  artifactKey: Guid(e79c6da00653b3e4f9c275e127ea90e4) Importer(815301076,1909f56bfc062723c751e8b465ee728b)
Start importing Assets/Scenes/02_LoginScene.unity using Guid(e79c6da00653b3e4f9c275e127ea90e4) Importer(815301076,1909f56bfc062723c751e8b465ee728b)  -> (artifact id: 'cdf1f4768339305903a24718d691cadc') in 0.011510 seconds
  Import took 0.019822 seconds .

========================================================================
Received Prepare
Registering precompiled user dll's ...
Registered in 0.005490 seconds.
Begin MonoManager ReloadAssembly
Native extension for WindowsStandalone target not found
Native extension for WebGL target not found
Refreshing native plugins compatible for Editor in 1.06 ms, found 0 plugins.
Preloading 0 native plugins for Editor in 0.00 ms.
Mono: successfully reloaded assembly
- Completed reload, in  1.769 seconds
Platform modules already initialized, skipping
Switching build target platform(19) subTarget(0) extendedPlatform(0) -> platform(13) subTarget(537395200) extendedPlatform(0)
Refreshing native plugins compatible for Editor in 0.79 ms, found 0 plugins.
Preloading 0 native plugins for Editor in 0.00 ms.
Unloading 3119 Unused Serialized files (Serialized files now loaded: 0)
System memory in use before: 114.0 MB.
System memory in use after: 114.2 MB.

Unloading 12 unused Assets to reduce memory usage. Loaded Objects now: 3583.
Total: 4.040300 ms (FindLiveObjects: 0.641600 ms CreateObjectMapping: 0.164700 ms MarkObjects: 3.143100 ms  DeleteObjects: 0.088100 ms)

AssetImportParameters requested are different than current active one (requested -> active):
  custom:graphics/normal-map-encoding: 01000000000000000000000000000000 -> 02000000000000000000000000000000
========================================================================
Received Prepare
Registering precompiled user dll's ...
Registered in 0.007095 seconds.
Begin MonoManager ReloadAssembly
Native extension for WindowsStandalone target not found
Native extension for WebGL target not found
Refreshing native plugins compatible for Editor in 1.24 ms, found 0 plugins.
Preloading 0 native plugins for Editor in 0.00 ms.
Mono: successfully reloaded assembly
- Completed reload, in  1.760 seconds
Platform modules already initialized, skipping
Switching build target platform(19) subTarget(0) extendedPlatform(0) -> platform(13) subTarget(537395200) extendedPlatform(0)
Refreshing native plugins compatible for Editor in 0.88 ms, found 0 plugins.
Preloading 0 native plugins for Editor in 0.00 ms.
Unloading 3119 Unused Serialized files (Serialized files now loaded: 0)
System memory in use before: 114.0 MB.
System memory in use after: 114.2 MB.

Unloading 12 unused Assets to reduce memory usage. Loaded Objects now: 3586.
Total: 3.401000 ms (FindLiveObjects: 0.610300 ms CreateObjectMapping: 0.290500 ms MarkObjects: 2.414600 ms  DeleteObjects: 0.083900 ms)

AssetImportParameters requested are different than current active one (requested -> active):
  custom:graphics/normal-map-encoding: 01000000000000000000000000000000 -> 02000000000000000000000000000000
========================================================================
Received Prepare
Registering precompiled user dll's ...
Registered in 0.004730 seconds.
Begin MonoManager ReloadAssembly
Native extension for WindowsStandalone target not found
Native extension for WebGL target not found
Refreshing native plugins compatible for Editor in 0.97 ms, found 0 plugins.
Preloading 0 native plugins for Editor in 0.00 ms.
Mono: successfully reloaded assembly
- Completed reload, in  1.793 seconds
Platform modules already initialized, skipping
Switching build target platform(19) subTarget(0) extendedPlatform(0) -> platform(13) subTarget(537395200) extendedPlatform(0)
Refreshing native plugins compatible for Editor in 0.83 ms, found 0 plugins.
Preloading 0 native plugins for Editor in 0.00 ms.
Unloading 3119 Unused Serialized files (Serialized files now loaded: 0)
System memory in use before: 114.0 MB.
System memory in use after: 114.2 MB.

Unloading 12 unused Assets to reduce memory usage. Loaded Objects now: 3589.
Total: 4.054100 ms (FindLiveObjects: 0.462700 ms CreateObjectMapping: 0.164900 ms MarkObjects: 3.322400 ms  DeleteObjects: 0.102500 ms)

AssetImportParameters requested are different than current active one (requested -> active):
  custom:graphics/normal-map-encoding: 01000000000000000000000000000000 -> 02000000000000000000000000000000
========================================================================
Received Prepare
Registering precompiled user dll's ...
Registered in 0.004538 seconds.
Begin MonoManager ReloadAssembly
Native extension for WindowsStandalone target not found
Native extension for WebGL target not found
Refreshing native plugins compatible for Editor in 1.28 ms, found 0 plugins.
Preloading 0 native plugins for Editor in 0.00 ms.
Mono: successfully reloaded assembly
- Completed reload, in  1.694 seconds
Platform modules already initialized, skipping
Switching build target platform(19) subTarget(0) extendedPlatform(0) -> platform(13) subTarget(537395200) extendedPlatform(0)
Refreshing native plugins compatible for Editor in 0.88 ms, found 0 plugins.
Preloading 0 native plugins for Editor in 0.00 ms.
Unloading 3119 Unused Serialized files (Serialized files now loaded: 0)
System memory in use before: 114.0 MB.
System memory in use after: 114.2 MB.

Unloading 12 unused Assets to reduce memory usage. Loaded Objects now: 3592.
Total: 3.706200 ms (FindLiveObjects: 0.462000 ms CreateObjectMapping: 0.220600 ms MarkObjects: 2.913600 ms  DeleteObjects: 0.108100 ms)

AssetImportParameters requested are different than current active one (requested -> active):
  custom:graphics/normal-map-encoding: 01000000000000000000000000000000 -> 02000000000000000000000000000000
========================================================================
Received Prepare
Registering precompiled user dll's ...
Registered in 0.006994 seconds.
Begin MonoManager ReloadAssembly
Native extension for WindowsStandalone target not found
Native extension for WebGL target not found
Refreshing native plugins compatible for Editor in 0.84 ms, found 0 plugins.
Preloading 0 native plugins for Editor in 0.00 ms.
Mono: successfully reloaded assembly
- Completed reload, in  1.658 seconds
Platform modules already initialized, skipping
Switching build target platform(19) subTarget(0) extendedPlatform(0) -> platform(13) subTarget(537395200) extendedPlatform(0)
Refreshing native plugins compatible for Editor in 1.10 ms, found 0 plugins.
Preloading 0 native plugins for Editor in 0.00 ms.
Unloading 3119 Unused Serialized files (Serialized files now loaded: 0)
System memory in use before: 114.0 MB.
System memory in use after: 114.2 MB.

Unloading 12 unused Assets to reduce memory usage. Loaded Objects now: 3595.
Total: 3.175500 ms (FindLiveObjects: 0.452200 ms CreateObjectMapping: 0.177200 ms MarkObjects: 2.466600 ms  DeleteObjects: 0.077900 ms)

AssetImportParameters requested are different than current active one (requested -> active):
  custom:graphics/normal-map-encoding: 01000000000000000000000000000000 -> 02000000000000000000000000000000
========================================================================
Received Import Request.
  Time since last request: 557.986927 seconds.
  path: Assets/UserInfo.cs
  artifactKey: Guid(df49351f1655f5947804f1d65517fe0e) Importer(815301076,1909f56bfc062723c751e8b465ee728b)
Start importing Assets/UserInfo.cs using Guid(df49351f1655f5947804f1d65517fe0e) Importer(815301076,1909f56bfc062723c751e8b465ee728b)  -> (artifact id: 'e0c3262090dfc1b0e8fe75489c1e7df8') in 0.032073 seconds
  Import took 0.040687 seconds .

========================================================================
Received Import Request.
  Time since last request: 0.029406 seconds.
  path: Assets/UserInfo.cs
  artifactKey: Guid(df49351f1655f5947804f1d65517fe0e) Importer(815301076,1909f56bfc062723c751e8b465ee728b)
Start importing Assets/UserInfo.cs using Guid(df49351f1655f5947804f1d65517fe0e) Importer(815301076,1909f56bfc062723c751e8b465ee728b)  -> (artifact id: 'e0c3262090dfc1b0e8fe75489c1e7df8') in 0.006042 seconds
  Import took 0.014503 seconds .

========================================================================
Received Import Request.
  Time since last request: 4.355459 seconds.
  path: Assets/Register.cs
  artifactKey: Guid(65676d4c0aa90e741999ad2e66ee0e9c) Importer(815301076,1909f56bfc062723c751e8b465ee728b)
Start importing Assets/Register.cs using Guid(65676d4c0aa90e741999ad2e66ee0e9c) Importer(815301076,1909f56bfc062723c751e8b465ee728b)  -> (artifact id: '52c43d75f25f4c29baf89f7d2142b4c4') in 0.011235 seconds
  Import took 0.020102 seconds .

========================================================================
Received Import Request.
  Time since last request: 0.005376 seconds.
  path: Assets/Register.cs
  artifactKey: Guid(65676d4c0aa90e741999ad2e66ee0e9c) Importer(815301076,1909f56bfc062723c751e8b465ee728b)
Start importing Assets/Register.cs using Guid(65676d4c0aa90e741999ad2e66ee0e9c) Importer(815301076,1909f56bfc062723c751e8b465ee728b)  -> (artifact id: '52c43d75f25f4c29baf89f7d2142b4c4') in 0.006467 seconds
  Import took 0.014903 seconds .

========================================================================
Received Prepare
Registering precompiled user dll's ...
Registered in 0.005745 seconds.
Begin MonoManager ReloadAssembly
Native extension for WindowsStandalone target not found
Native extension for WebGL target not found
Refreshing native plugins compatible for Editor in 0.78 ms, found 0 plugins.
Preloading 0 native plugins for Editor in 0.00 ms.
Mono: successfully reloaded assembly
- Completed reload, in  1.813 seconds
Platform modules already initialized, skipping
Switching build target platform(19) subTarget(0) extendedPlatform(0) -> platform(13) subTarget(537395200) extendedPlatform(0)
Refreshing native plugins compatible for Editor in 0.75 ms, found 0 plugins.
Preloading 0 native plugins for Editor in 0.00 ms.
Unloading 3119 Unused Serialized files (Serialized files now loaded: 0)
System memory in use before: 114.0 MB.
System memory in use after: 114.2 MB.

Unloading 12 unused Assets to reduce memory usage. Loaded Objects now: 3598.
Total: 2.837800 ms (FindLiveObjects: 0.365000 ms CreateObjectMapping: 0.151200 ms MarkObjects: 2.239400 ms  DeleteObjects: 0.080300 ms)

AssetImportParameters requested are different than current active one (requested -> active):
  custom:graphics/normal-map-encoding: 01000000000000000000000000000000 -> 02000000000000000000000000000000
========================================================================
Received Import Request.
  Time since last request: 58.506935 seconds.
  path: Assets/Scenes/03_MainScene.unity
  artifactKey: Guid(83298fffdaa905748981b76b8088f22b) Importer(815301076,1909f56bfc062723c751e8b465ee728b)
Start importing Assets/Scenes/03_MainScene.unity using Guid(83298fffdaa905748981b76b8088f22b) Importer(815301076,1909f56bfc062723c751e8b465ee728b)  -> (artifact id: '30db3b1d8fc981f78dc2c8aadebb1d00') in 0.025335 seconds
  Import took 0.033802 seconds .

========================================================================
Received Prepare
Registering precompiled user dll's ...
Registered in 0.004383 seconds.
Begin MonoManager ReloadAssembly
Native extension for WindowsStandalone target not found
Native extension for WebGL target not found
Refreshing native plugins compatible for Editor in 0.72 ms, found 0 plugins.
Preloading 0 native plugins for Editor in 0.00 ms.
Mono: successfully reloaded assembly
- Completed reload, in  1.690 seconds
Platform modules already initialized, skipping
Switching build target platform(19) subTarget(0) extendedPlatform(0) -> platform(13) subTarget(537395200) extendedPlatform(0)
Refreshing native plugins compatible for Editor in 0.73 ms, found 0 plugins.
Preloading 0 native plugins for Editor in 0.00 ms.
Unloading 3119 Unused Serialized files (Serialized files now loaded: 0)
System memory in use before: 114.1 MB.
System memory in use after: 114.3 MB.

Unloading 12 unused Assets to reduce memory usage. Loaded Objects now: 3601.
Total: 3.187300 ms (FindLiveObjects: 0.503300 ms CreateObjectMapping: 0.152000 ms MarkObjects: 2.448200 ms  DeleteObjects: 0.082300 ms)

AssetImportParameters requested are different than current active one (requested -> active):
  custom:graphics/normal-map-encoding: 01000000000000000000000000000000 -> 02000000000000000000000000000000
========================================================================
Received Prepare
Registering precompiled user dll's ...
Registered in 0.005738 seconds.
Begin MonoManager ReloadAssembly
Native extension for WindowsStandalone target not found
Native extension for WebGL target not found
Refreshing native plugins compatible for Editor in 0.76 ms, found 0 plugins.
Preloading 0 native plugins for Editor in 0.00 ms.
Mono: successfully reloaded assembly
- Completed reload, in  1.716 seconds
Platform modules already initialized, skipping
Switching build target platform(19) subTarget(0) extendedPlatform(0) -> platform(13) subTarget(537395200) extendedPlatform(0)
Refreshing native plugins compatible for Editor in 0.71 ms, found 0 plugins.
Preloading 0 native plugins for Editor in 0.00 ms.
Unloading 3119 Unused Serialized files (Serialized files now loaded: 0)
System memory in use before: 114.1 MB.
System memory in use after: 114.3 MB.

Unloading 12 unused Assets to reduce memory usage. Loaded Objects now: 3604.
Total: 2.911800 ms (FindLiveObjects: 0.362200 ms CreateObjectMapping: 0.150400 ms MarkObjects: 2.322200 ms  DeleteObjects: 0.075400 ms)

AssetImportParameters requested are different than current active one (requested -> active):
  custom:graphics/normal-map-encoding: 01000000000000000000000000000000 -> 02000000000000000000000000000000
========================================================================
Received Prepare
Registering precompiled user dll's ...
Registered in 0.004290 seconds.
Begin MonoManager ReloadAssembly
Native extension for WindowsStandalone target not found
Native extension for WebGL target not found
Refreshing native plugins compatible for Editor in 1.11 ms, found 0 plugins.
Preloading 0 native plugins for Editor in 0.00 ms.
Mono: successfully reloaded assembly
- Completed reload, in  1.660 seconds
Platform modules already initialized, skipping
Switching build target platform(19) subTarget(0) extendedPlatform(0) -> platform(13) subTarget(537395200) extendedPlatform(0)
Refreshing native plugins compatible for Editor in 0.74 ms, found 0 plugins.
Preloading 0 native plugins for Editor in 0.00 ms.
Unloading 3119 Unused Serialized files (Serialized files now loaded: 0)
System memory in use before: 114.1 MB.
System memory in use after: 114.3 MB.

Unloading 12 unused Assets to reduce memory usage. Loaded Objects now: 3607.
Total: 3.116600 ms (FindLiveObjects: 0.417600 ms CreateObjectMapping: 0.174100 ms MarkObjects: 2.444900 ms  DeleteObjects: 0.078400 ms)

AssetImportParameters requested are different than current active one (requested -> active):
  custom:graphics/normal-map-encoding: 01000000000000000000000000000000 -> 02000000000000000000000000000000
========================================================================
Received Prepare
Registering precompiled user dll's ...
Registered in 0.005284 seconds.
Begin MonoManager ReloadAssembly
Native extension for WindowsStandalone target not found
Native extension for WebGL target not found
Refreshing native plugins compatible for Editor in 0.75 ms, found 0 plugins.
Preloading 0 native plugins for Editor in 0.00 ms.
Mono: successfully reloaded assembly
- Completed reload, in  1.928 seconds
Platform modules already initialized, skipping
Switching build target platform(19) subTarget(0) extendedPlatform(0) -> platform(13) subTarget(537395200) extendedPlatform(0)
Refreshing native plugins compatible for Editor in 1.04 ms, found 0 plugins.
Preloading 0 native plugins for Editor in 0.00 ms.
Unloading 3119 Unused Serialized files (Serialized files now loaded: 0)
System memory in use before: 114.1 MB.
System memory in use after: 114.3 MB.

Unloading 12 unused Assets to reduce memory usage. Loaded Objects now: 3610.
Total: 3.263200 ms (FindLiveObjects: 0.539800 ms CreateObjectMapping: 0.168300 ms MarkObjects: 2.453100 ms  DeleteObjects: 0.099500 ms)

AssetImportParameters requested are different than current active one (requested -> active):
  custom:graphics/normal-map-encoding: 01000000000000000000000000000000 -> 02000000000000000000000000000000
========================================================================
Received Import Request.
  Time since last request: 179.149983 seconds.
  path: Assets/Scenes/03_MainScene.unity
  artifactKey: Guid(83298fffdaa905748981b76b8088f22b) Importer(815301076,1909f56bfc062723c751e8b465ee728b)
Start importing Assets/Scenes/03_MainScene.unity using Guid(83298fffdaa905748981b76b8088f22b) Importer(815301076,1909f56bfc062723c751e8b465ee728b)  -> (artifact id: '014d999cd87670f6943734980b6b8936') in 0.028081 seconds
  Import took 0.038649 seconds .

========================================================================
Received Prepare
Registering precompiled user dll's ...
Registered in 0.005471 seconds.
Begin MonoManager ReloadAssembly
Native extension for WindowsStandalone target not found
Native extension for WebGL target not found
Refreshing native plugins compatible for Editor in 0.82 ms, found 0 plugins.
Preloading 0 native plugins for Editor in 0.00 ms.
Mono: successfully reloaded assembly
- Completed reload, in  1.932 seconds
Platform modules already initialized, skipping
Switching build target platform(19) subTarget(0) extendedPlatform(0) -> platform(13) subTarget(537395200) extendedPlatform(0)
Refreshing native plugins compatible for Editor in 0.90 ms, found 0 plugins.
Preloading 0 native plugins for Editor in 0.00 ms.
Unloading 3119 Unused Serialized files (Serialized files now loaded: 0)
System memory in use before: 114.1 MB.
System memory in use after: 114.3 MB.

Unloading 12 unused Assets to reduce memory usage. Loaded Objects now: 3613.
Total: 3.681200 ms (FindLiveObjects: 0.467200 ms CreateObjectMapping: 0.250100 ms MarkObjects: 2.853100 ms  DeleteObjects: 0.109300 ms)

AssetImportParameters requested are different than current active one (requested -> active):
  custom:graphics/normal-map-encoding: 01000000000000000000000000000000 -> 02000000000000000000000000000000
========================================================================
Received Prepare
Registering precompiled user dll's ...
Registered in 0.004515 seconds.
Begin MonoManager ReloadAssembly
Native extension for WindowsStandalone target not found
Native extension for WebGL target not found
Refreshing native plugins compatible for Editor in 0.75 ms, found 0 plugins.
Preloading 0 native plugins for Editor in 0.00 ms.
Mono: successfully reloaded assembly
- Completed reload, in  1.774 seconds
Platform modules already initialized, skipping
Switching build target platform(19) subTarget(0) extendedPlatform(0) -> platform(13) subTarget(537395200) extendedPlatform(0)
Refreshing native plugins compatible for Editor in 0.74 ms, found 0 plugins.
Preloading 0 native plugins for Editor in 0.00 ms.
Unloading 3119 Unused Serialized files (Serialized files now loaded: 0)
System memory in use before: 114.1 MB.
System memory in use after: 114.3 MB.

Unloading 12 unused Assets to reduce memory usage. Loaded Objects now: 3616.
Total: 3.024000 ms (FindLiveObjects: 0.414900 ms CreateObjectMapping: 0.150900 ms MarkObjects: 2.353100 ms  DeleteObjects: 0.103600 ms)

AssetImportParameters requested are different than current active one (requested -> active):
  custom:graphics/normal-map-encoding: 01000000000000000000000000000000 -> 02000000000000000000000000000000
========================================================================
Received Prepare
Registering precompiled user dll's ...
Registered in 0.006104 seconds.
Begin MonoManager ReloadAssembly
Native extension for WindowsStandalone target not found
Native extension for WebGL target not found
Refreshing native plugins compatible for Editor in 0.96 ms, found 0 plugins.
Preloading 0 native plugins for Editor in 0.00 ms.
Mono: successfully reloaded assembly
- Completed reload, in  2.112 seconds
Platform modules already initialized, skipping
Switching build target platform(19) subTarget(0) extendedPlatform(0) -> platform(13) subTarget(537395200) extendedPlatform(0)
Refreshing native plugins compatible for Editor in 0.71 ms, found 0 plugins.
Preloading 0 native plugins for Editor in 0.00 ms.
Unloading 3119 Unused Serialized files (Serialized files now loaded: 0)
System memory in use before: 114.1 MB.
System memory in use after: 114.3 MB.

Unloading 12 unused Assets to reduce memory usage. Loaded Objects now: 3619.
Total: 7.121100 ms (FindLiveObjects: 1.282500 ms CreateObjectMapping: 0.402300 ms MarkObjects: 5.321000 ms  DeleteObjects: 0.112000 ms)

AssetImportParameters requested are different than current active one (requested -> active):
  custom:graphics/normal-map-encoding: 01000000000000000000000000000000 -> 02000000000000000000000000000000
========================================================================
Received Prepare
Registering precompiled user dll's ...
Registered in 0.005285 seconds.
Begin MonoManager ReloadAssembly
Native extension for WindowsStandalone target not found
Native extension for WebGL target not found
Refreshing native plugins compatible for Editor in 1.11 ms, found 0 plugins.
Preloading 0 native plugins for Editor in 0.00 ms.
Mono: successfully reloaded assembly
- Completed reload, in  1.970 seconds
Platform modules already initialized, skipping
Switching build target platform(19) subTarget(0) extendedPlatform(0) -> platform(13) subTarget(537395200) extendedPlatform(0)
Refreshing native plugins compatible for Editor in 0.75 ms, found 0 plugins.
Preloading 0 native plugins for Editor in 0.00 ms.
Unloading 3119 Unused Serialized files (Serialized files now loaded: 0)
System memory in use before: 114.1 MB.
System memory in use after: 114.3 MB.

Unloading 12 unused Assets to reduce memory usage. Loaded Objects now: 3622.
Total: 4.306400 ms (FindLiveObjects: 0.612600 ms CreateObjectMapping: 0.231100 ms MarkObjects: 3.348900 ms  DeleteObjects: 0.111100 ms)

AssetImportParameters requested are different than current active one (requested -> active):
  custom:graphics/normal-map-encoding: 01000000000000000000000000000000 -> 02000000000000000000000000000000
========================================================================
Received Prepare
Registering precompiled user dll's ...
Registered in 0.005122 seconds.
Begin MonoManager ReloadAssembly
Native extension for WindowsStandalone target not found
Native extension for WebGL target not found
Refreshing native plugins compatible for Editor in 0.75 ms, found 0 plugins.
Preloading 0 native plugins for Editor in 0.00 ms.
Mono: successfully reloaded assembly
- Completed reload, in  2.061 seconds
Platform modules already initialized, skipping
Switching build target platform(19) subTarget(0) extendedPlatform(0) -> platform(13) subTarget(537395200) extendedPlatform(0)
Refreshing native plugins compatible for Editor in 0.73 ms, found 0 plugins.
Preloading 0 native plugins for Editor in 0.00 ms.
Unloading 3119 Unused Serialized files (Serialized files now loaded: 0)
System memory in use before: 114.1 MB.
System memory in use after: 114.3 MB.

Unloading 12 unused Assets to reduce memory usage. Loaded Objects now: 3625.
Total: 4.595800 ms (FindLiveObjects: 0.760200 ms CreateObjectMapping: 0.361100 ms MarkObjects: 3.390100 ms  DeleteObjects: 0.082300 ms)

AssetImportParameters requested are different than current active one (requested -> active):
  custom:graphics/normal-map-encoding: 01000000000000000000000000000000 -> 02000000000000000000000000000000
AssetImportWorkerClient::OnTransportError - code=2 error=End of file
